1.604149,1.544650,1.934549,1.484678,1.607592, 1.5856,0.4173
1.579848,1.583004,1.596152,1.102986,1.404147, 1.3628,0.4997
1.470042,1.800005,1.804869,1.253702,1.145289, 1.3556,0.5154
1.244596,1.201346,1.455967,1.251122,1.606170, 1.2684,0.5448
1.758067,1.375997,0.981264,2.078517,1.398366, 1.2298,0.5698
1.076861,1.880706,1.153077,1.291170,1.196960, 1.2057,0.5700
1.179683,1.431077,1.965938,1.215651,1.600302, 1.2116,0.5660
2.182283,1.199819,1.736225,2.207252,1.406448, 1.2025,0.5681
1.553323,1.235750,1.769608,1.278515,1.096367, 1.1697,0.5915
1.106766,1.130463,1.590403,1.284790,1.651265, 1.2287,0.5700
0.761837,1.118197,1.554106,1.284096,1.504031, 1.0826,0.6154
1.116254,1.794602,1.516825,1.705015,1.068573, 1.2074,0.5750
1.530420,1.170514,1.539464,1.779747,1.197652, 1.1136,0.6040
1.173558,1.176519,0.625466,0.913455,1.077847, 1.1706,0.5839
1.009962,1.346222,0.933143,0.675134,1.492430, 1.1171,0.6080
1.097154,1.153313,1.346687,1.491151,0.991009, 1.1072,0.6159
1.129989,1.063097,1.290524,1.036957,1.490615, 1.2938,0.5458
1.274303,1.660544,1.679475,1.074761,1.251085, 1.1339,0.5937
1.200455,1.361952,1.320593,0.870801,1.886711, 1.0696,0.6231
1.326661,0.864325,0.984604,1.401503,0.866089, 1.0889,0.6247
1.913291,1.132558,1.098605,1.332593,0.800589, 1.0579,0.6274
1.249008,1.111512,1.326687,1.736272,0.707090, 1.0443,0.6351
1.586917,1.016678,1.032145,1.234547,1.201222, 1.0683,0.6233
0.848244,0.891833,1.296482,0.989352,1.211976, 1.1202,0.5998
1.250817,1.122594,1.186167,0.714072,1.285633, 1.1310,0.6016
0.640081,1.793591,1.224223,1.146549,1.283973, 1.2170,0.5886
0.811985,1.641373,1.733493,1.144862,1.152786, 1.0957,0.6144
0.642424,1.115753,0.942120,1.861155,0.933784, 1.0822,0.6202
1.397264,1.271896,1.080299,1.086572,0.943080, 1.1475,0.6050
0.668783,1.401835,0.863822,1.149094,0.750212, 1.1806,0.5857
1.011312,0.975867,0.935654,1.536658,1.146194, 1.0711,0.6213
1.070034,1.210160,1.033082,0.860995,1.242268, 1.0638,0.6289
0.883259,1.462938,1.091206,1.154177,1.215311, 1.0781,0.6182
0.860300,0.908258,0.793002,1.171494,1.109871, 1.0622,0.6265
0.828586,0.944977,1.487310,1.002387,1.302951, 1.0216,0.6441
0.930756,1.232871,0.920733,0.760487,1.303401, 1.1845,0.5884
1.203620,1.422521,1.420475,1.358382,1.168349, 1.1144,0.6047
0.843459,1.269422,1.548597,0.879428,1.070716, 1.0146,0.6441
1.131778,1.048112,0.862849,0.938740,1.171717, 1.1520,0.6004
0.924544,0.987386,1.269515,1.233768,0.736904, 1.0420,0.6328
1.126725,1.665373,0.969882,1.462999,1.498897, 1.0114,0.6480
0.927967,1.208658,1.186455,1.403884,1.528919, 1.0463,0.6279
1.136888,1.037193,1.458273,1.122241,1.449308, 0.9882,0.6547
0.731037,1.564417,0.747319,1.234335,0.974160, 1.0531,0.6286
0.686527,0.913477,1.079207,0.994256,1.367050, 1.0466,0.6298
1.008188,1.207676,1.169452,1.509783,0.655349, 1.0858,0.6146
1.415217,1.314621,0.770907,1.315208,0.734544, 1.0582,0.6360
0.931547,0.872784,1.304171,0.921576,0.985332, 1.0179,0.6418
0.516584,1.440984,1.123764,1.254907,1.108130, 0.9962,0.6513
1.104542,1.174582,0.807705,1.373663,1.146310, 1.0140,0.6398
1.229533,1.211235,0.779517,1.340028,0.696824, 1.0041,0.6492
0.943270,1.891093,1.589799,1.171050,0.640436, 1.0018,0.6467
1.524458,0.983882,1.239637,0.753618,1.069801, 1.0647,0.6262
0.912540,0.626474,0.894552,1.265487,1.655712, 0.9952,0.6508
1.521891,1.431008,0.998840,1.080031,1.035740, 1.0198,0.6375
1.150335,1.580142,0.967873,0.610316,0.820181, 1.0583,0.6293
0.977661,1.008871,1.185096,1.487530,0.991334, 1.0787,0.6164
1.340317,0.763752,1.280069,1.166772,1.964819, 1.0365,0.6420
1.129972,0.995081,0.613103,0.709428,1.058382, 1.0371,0.6394
0.939826,0.794445,1.184607,1.171721,0.761489, 1.0126,0.6379
1.258237,1.068870,1.138453,1.110193,0.978431, 0.9485,0.6670
1.101713,1.647691,1.288974,1.909225,1.179999, 0.9439,0.6727
1.482809,1.215118,0.800714,0.977588,1.293002, 0.9415,0.6713
0.931307,0.891259,1.721640,0.929060,1.182710, 0.9465,0.6680
1.257593,1.015629,1.133192,0.617482,1.141779, 0.9408,0.6716
1.643888,0.910096,0.911874,1.314361,0.573454, 0.9415,0.6702
0.942707,0.917744,0.890618,1.382328,1.125932, 0.9457,0.6674
0.840057,1.242069,1.408204,1.044348,1.588251, 0.9494,0.6662
1.019428,0.868866,1.156748,0.973695,0.910151, 0.9408,0.6712
1.049709,1.446024,0.640508,0.964696,0.986258, 0.9357,0.6727
1.013130,1.006631,1.428953,0.848358,1.320438, 0.9388,0.6719
0.909862,1.135141,1.226574,1.461566,0.692638, 0.9383,0.6736
0.850304,1.039819,1.634226,0.960283,0.837160, 0.9407,0.6714
0.809319,0.916113,0.823692,1.054768,1.100812, 0.9417,0.6738
0.945721,0.816532,0.621368,1.096985,0.559399, 0.9386,0.6736
1.105980,0.919820,1.086586,0.978814,0.846496, 0.9374,0.6743
0.946561,0.950438,1.054343,0.888418,1.472633, 0.9374,0.6724
1.137036,0.989249,0.914098,1.244515,0.997802, 0.9371,0.6736
0.794868,1.163937,0.589545,1.656693,1.385618, 0.9354,0.6737
1.106208,1.812154,1.126438,1.299879,0.564770, 0.9376,0.6717
1.172726,1.421733,1.060503,1.457159,1.365343, 0.9346,0.6741
0.937199,1.081631,1.369934,1.025479,0.802425, 0.9384,0.6703
1.073242,0.907767,1.143616,0.865663,1.331622, 0.9364,0.6699
1.021276,1.431113,1.178113,1.033862,0.866301, 0.9410,0.6716
1.003345,1.315792,0.865509,1.280038,0.935423, 0.9359,0.6742
1.184685,1.430525,1.395693,1.094774,1.041964, 0.9430,0.6697
1.194264,1.558127,0.668823,1.131640,0.999200, 0.9332,0.6751
0.804660,0.763438,0.974544,0.729278,1.189456, 0.9388,0.6703
1.125397,0.659886,0.935412,0.888005,1.336671, 0.9357,0.6732
1.429894,0.602995,0.935164,1.066460,1.172438, 0.9333,0.6752
0.794880,1.015893,0.850861,1.155292,0.822726, 0.9336,0.6740
1.225132,1.062369,0.944985,1.689977,1.483420, 0.9377,0.6705
0.379761,1.172940,1.149054,1.069875,1.115394, 0.9354,0.6711
1.472143,1.813176,1.138197,0.727243,1.243533, 0.9333,0.6726
1.353653,1.065685,1.338989,0.986149,1.959330, 0.9354,0.6745
0.997716,0.856891,1.334201,0.855765,1.390775, 0.9343,0.6734
1.243129,1.746969,0.566008,1.355026,0.969912, 0.9351,0.6727
1.164758,1.132105,0.773356,1.321463,0.793698, 0.9333,0.6743
1.069228,0.851295,1.215240,1.808695,1.025293, 0.9349,0.6730
0.956236,1.425938,1.016735,0.729160,0.882219, 0.9358,0.6735
1.268300,1.580318,0.747270,0.927911,1.286953, 0.9375,0.6707
0.860319,0.645965,0.589458,0.688985,0.800240, 0.9356,0.6732
1.311521,0.997589,1.133824,0.788260,1.403376, 0.9338,0.6748
1.692949,1.409324,1.440403,1.195134,1.234848, 0.9337,0.6747
1.114139,1.204062,1.024236,1.435158,1.309620, 0.9341,0.6751
1.170372,1.638886,0.990636,1.193689,1.048577, 0.9309,0.6755
0.989863,1.123189,1.197001,1.424184,1.398509, 0.9315,0.6748
1.089913,1.114799,0.748237,1.172394,0.812376, 0.9341,0.6746
1.072599,0.910711,1.190141,0.775835,1.318949, 0.9314,0.6749
1.238887,1.119664,0.777389,0.976340,1.536583, 0.9336,0.6737
0.635366,1.133433,0.844388,1.109858,0.919988, 0.9332,0.6757
0.857500,0.892556,0.938017,1.274699,0.903211, 0.9332,0.6762
1.226546,0.915868,0.853389,1.164913,1.618017, 0.9320,0.6757
1.220296,1.543407,1.050262,0.902169,1.337237, 0.9349,0.6753
1.222812,0.817740,1.349344,1.178604,0.705345, 0.9336,0.6743
1.182668,1.251779,0.734895,1.197195,1.560072, 0.9304,0.6746
0.906483,0.725417,1.075904,1.117215,0.726385, 0.9340,0.6747
1.376575,0.960933,1.263854,0.735481,0.979820, 0.9324,0.6741
0.948094,0.697189,1.353537,1.040331,0.669432, 0.9347,0.6738
0.642080,0.920387,1.404725,0.641016,0.879430, 0.9312,0.6743
1.018338,1.149762,1.024846,1.029088,0.915024, 0.9297,0.6744
1.197054,0.828888,0.588087,1.438035,0.606964, 0.9321,0.6743
0.757685,1.089092,1.000622,1.137165,1.180596, 0.9323,0.6750
1.019454,0.937299,1.174665,0.816216,0.907692, 0.9339,0.6739
1.221508,0.964625,1.260930,1.004715,0.527636, 0.9335,0.6746
1.623608,1.923629,0.993048,1.411898,0.664009, 0.9350,0.6733
0.996845,1.441629,0.478614,1.203163,1.243658, 0.9309,0.6755
0.936795,1.629910,1.437418,0.682411,1.192950, 0.9345,0.6733
1.014359,0.889760,1.296211,0.951530,0.959066, 0.9349,0.6733
1.176055,0.998454,1.213076,1.402731,1.202477, 0.9320,0.6751
1.215427,1.582475,0.772743,1.191378,1.166914, 0.9322,0.6738
1.011288,1.444031,1.362187,1.038106,1.341268, 0.9323,0.6731
0.904374,1.040114,1.439947,1.064093,1.319226, 0.9312,0.6752
1.473688,1.595536,1.974546,1.164528,0.744042, 0.9339,0.6735
1.586082,1.209319,0.643875,1.187497,0.967920, 0.9307,0.6738
1.447224,0.823774,0.809169,0.781217,1.414812, 0.9294,0.6760
0.972800,0.828963,0.848294,1.194918,1.074195, 0.9333,0.6748
0.746184,0.566274,1.125073,1.554725,1.189780, 0.9305,0.6739
0.968308,0.781401,1.512947,1.205467,1.045238, 0.9297,0.6741
1.780599,1.141160,0.771146,1.600935,1.011637, 0.9320,0.6763
1.099548,1.508779,0.796848,0.977045,1.276092, 0.9323,0.6732
2.051028,0.896925,1.314261,1.158163,0.924318, 0.9324,0.6735
0.909619,1.431383,0.868456,1.210168,0.793502, 0.9313,0.6756
1.967124,1.809383,0.823663,1.529036,0.752975, 0.9317,0.6748
0.855622,0.551251,0.761292,0.839790,0.804080, 0.9293,0.6754
1.396991,0.773615,0.592107,0.912360,1.667173, 0.9317,0.6754
1.165846,1.081877,1.071704,1.093506,1.064663, 0.9321,0.6744
1.282341,0.957397,0.889094,1.047923,1.149970, 0.9323,0.6756
1.247298,1.085695,0.699384,0.867992,1.311542, 0.9319,0.6752
0.821640,1.283891,1.343530,0.868322,1.225144, 0.9294,0.6750
1.152654,0.595848,0.553641,1.504512,0.973334, 0.9333,0.6742
1.298332,0.806795,1.274264,0.903450,1.091519, 0.9321,0.6741
1.153708,0.931935,0.855308,1.243693,1.387428, 0.9332,0.6722
1.624857,0.817268,1.016746,0.808745,1.001469, 0.9339,0.6737
0.792161,0.894136,0.981211,0.822813,0.645768, 0.9339,0.6734
2.158267,0.775194,1.315210,1.394121,0.979365, 0.9331,0.6733
0.727988,0.958552,0.749538,0.884656,1.132495, 0.9321,0.6744
0.762282,1.396989,1.285083,0.639663,0.568800, 0.9321,0.6722
0.498575,1.234299,0.925232,1.484141,1.527745, 0.9319,0.6749
1.050901,0.767693,0.752670,1.100864,0.938627, 0.9336,0.6722
1.341725,1.639733,0.900831,1.150556,1.712794, 0.9331,0.6719
1.323395,0.914060,1.121764,1.190497,0.823446, 0.9323,0.6737
0.783830,0.926322,1.395940,1.759758,1.481636, 0.9317,0.6757
1.168826,0.807634,0.923044,1.115178,0.782070, 0.9333,0.6750
0.917303,0.980622,1.327550,1.676555,1.558725, 0.9309,0.6726
0.803740,1.009777,0.823760,0.860032,1.249327, 0.9337,0.6721
1.322299,1.354194,0.951300,1.098210,1.106820, 0.9314,0.6741
1.002018,1.376593,1.190150,0.722312,0.808491, 0.9296,0.6756
0.897055,1.236381,0.798308,1.325704,1.301914, 0.9294,0.6749
0.851136,1.928424,1.117344,1.456875,1.032531, 0.9318,0.6765
0.927049,0.914544,1.191362,1.236616,0.774518, 0.9320,0.6735
0.712932,0.776706,0.963757,1.108656,1.371040, 0.9305,0.6750
1.529399,0.917619,1.365719,1.568887,1.379200, 0.9322,0.6750
1.283513,0.802150,0.845623,1.009222,1.422442, 0.9325,0.6750
1.076954,1.208057,0.839474,1.721539,1.550323, 0.9336,0.6747
0.749150,0.826667,1.101824,1.262248,1.225389, 0.9340,0.6737
1.346031,1.180497,0.727045,1.005270,0.849179, 0.9311,0.6756
0.875903,0.949331,0.857287,1.480836,1.188481, 0.9303,0.6739
0.573345,0.751230,0.820448,1.372735,0.916557, 0.9317,0.6734
1.153525,0.696184,1.032706,1.178928,0.882695, 0.9340,0.6728
0.908033,1.373901,1.124360,1.008216,0.958317, 0.9303,0.6743
0.954682,0.741996,1.085916,1.192836,1.013003, 0.9320,0.6745
0.730711,1.158835,0.808609,0.869553,0.665977, 0.9309,0.6757
0.912862,0.703822,1.024700,1.778506,0.532458, 0.9312,0.6746
0.849518,1.168433,1.153799,1.095951,1.282850, 0.9320,0.6749
0.749971,0.933493,1.485428,1.202500,1.329111, 0.9293,0.6744
0.885390,1.199001,1.301069,0.895093,1.376870, 0.9292,0.6746
0.584935,0.814691,1.312568,0.556570,0.918965, 0.9325,0.6736
0.919586,1.494605,0.980656,1.517738,0.863580, 0.9318,0.6748
0.973701,1.693789,1.335774,1.475972,1.425626, 0.9309,0.6761
0.817236,1.351073,1.079810,0.730164,1.198566, 0.9296,0.6739
0.667354,1.109768,1.431538,1.013433,0.733604, 0.9356,0.6718
1.299620,1.036623,0.979526,1.208913,0.695929, 0.9300,0.6751
1.026238,1.552701,0.780919,1.027903,0.990137, 0.9308,0.6749
1.545967,1.267920,1.080802,1.483439,0.906201, 0.9310,0.6745
1.487176,1.217389,1.061197,1.069017,1.523720, 0.9292,0.6750
1.055946,0.991227,2.026582,1.054523,2.053258, 0.9308,0.6719
1.251321,1.190492,0.821714,1.558654,1.140549, 0.9293,0.6743
0.937683,1.221431,0.957406,0.950046,1.213012, 0.9291,0.6756
1.062317,1.247030,0.822121,1.642605,0.555813, 0.9325,0.6728
Train Epoch: 1000 [10000/10000 (100%)]	Loss: 2.255028
Train Epoch: 1000 [10000/10000 (100%)]	Loss: 2.218145
Train Epoch: 1000 [10000/10000 (100%)]	Loss: 2.111341
Train Epoch: 1000 [10000/10000 (100%)]	Loss: 2.277008
Train Epoch: 1000 [10000/10000 (100%)]	Loss: 1.960762

Test set: Average loss: 2.0128, Accuracy: 2869/10000 (29%)
Train Epoch: 1000 [10000/10000 (100%)]	Loss: 2.029286
Train Epoch: 1000 [10000/10000 (100%)]	Loss: 1.852758
Train Epoch: 1000 [10000/10000 (100%)]	Loss: 2.040926
Train Epoch: 1000 [10000/10000 (100%)]	Loss: 1.855952
Train Epoch: 1000 [10000/10000 (100%)]	Loss: 1.716146

Test set: Average loss: 1.8409, Accuracy: 3533/10000 (35%)
Train Epoch: 1000 [10000/10000 (100%)]	Loss: 1.746353
Train Epoch: 1000 [10000/10000 (100%)]	Loss: 1.803473
Train Epoch: 1000 [10000/10000 (100%)]	Loss: 1.816147
Train Epoch: 1000 [10000/10000 (100%)]	Loss: 1.877771
Train Epoch: 1000 [10000/10000 (100%)]	Loss: 1.678546

Test set: Average loss: 1.7372, Accuracy: 3805/10000 (38%)
Train Epoch: 1000 [10000/10000 (100%)]	Loss: 1.567754
